This is pdfTeX, Version 3.141592653-2.6-1.40.24 (TeX Live 2022) (preloaded format=pdflatex 2023.1.22)  15 DEC 2025 15:38
entering extended mode
 restricted \write18 enabled.
 file:line:error style messages enabled.
 %&-line parsing enabled.
**n:/Materialien/Promotion/GenreDiscourseAnalysis/reports/paper_v1/PowerToThePeople_v1.tex
(n:/Materialien/Promotion/GenreDiscourseAnalysis/reports/paper_v1/PowerToThePeople_v1.tex
LaTeX2e <2022-11-01> patch level 1
L3 programming layer <2023-01-16> (c:/texlive/2022/texmf-dist/tex/latex/base/article.cls
Document Class: article 2022/07/02 v1.4n Standard LaTeX document class
(c:/texlive/2022/texmf-dist/tex/latex/base/size10.clo
File: size10.clo 2022/07/02 v1.4n Standard LaTeX file (size option)
)
\c@part=\count185
\c@section=\count186
\c@subsection=\count187
\c@subsubsection=\count188
\c@paragraph=\count189
\c@subparagraph=\count190
\c@figure=\count191
\c@table=\count192
\abovecaptionskip=\skip48
\belowcaptionskip=\skip49
\bibindent=\dimen140
) (c:/texlive/2022/texmf-dist/tex/latex/base/inputenc.sty
Package: inputenc 2021/02/14 v1.3d Input encoding file
\inpenc@prehook=\toks16
\inpenc@posthook=\toks17
) (./tismir.sty (c:/texlive/2022/texmf-dist/tex/latex/inconsolata/inconsolata.sty
Package: inconsolata 2019/05/17 v1.12
 `inconsolata-zi4' v1.12, 2019/05/17 Text macros for Inconsolata (msharpe) (c:/texlive/2022/texmf-dist/tex/latex/base/textcomp.sty
Package: textcomp 2020/02/02 v2.0n Standard LaTeX package
) (c:/texlive/2022/texmf-dist/tex/latex/xkeyval/xkeyval.sty
Package: xkeyval 2022/06/16 v2.9 package option processing (HA)
 (c:/texlive/2022/texmf-dist/tex/generic/xkeyval/xkeyval.tex (c:/texlive/2022/texmf-dist/tex/generic/xkeyval/xkvutils.tex
\XKV@toks=\toks18
\XKV@tempa@toks=\toks19
 (c:/texlive/2022/texmf-dist/tex/generic/xkeyval/keyval.tex))
\XKV@depth=\count193
File: xkeyval.tex 2014/12/03 v2.7a key=value parser (HA)
))
\zifour@ocount=\count194
) (c:/texlive/2022/texmf-dist/tex/latex/fourier/fourier.sty
Package: fourier 2022/02/05 2.3 fourier-GUTenberg package
 (c:/texlive/2022/texmf-dist/tex/generic/iftex/iftex.sty
Package: iftex 2022/02/03 v1.0f TeX engine tests
)
Now handling font encoding FML ...
... no UTF-8 mapping file for font encoding FML
Now handling font encoding FMS ...
... no UTF-8 mapping file for font encoding FMS
Now handling font encoding FMX ...
... no UTF-8 mapping file for font encoding FMX
 (c:/texlive/2022/texmf-dist/tex/latex/base/fontenc.sty
Package: fontenc 2021/04/29 v2.0v Standard LaTeX package
LaTeX Font Info:    Trying to load font information for T1+futs on input line 112.
 (c:/texlive/2022/texmf-dist/tex/latex/fourier/t1futs.fd
File: t1futs.fd 2004/03/02 Fontinst v1.926 font definitions for T1/futs.
)) (c:/texlive/2022/texmf-dist/tex/latex/fourier/fourier-orns.sty
Package: fourier-orns 2022/02/05 2.3 fourier-ornaments package
)
LaTeX Font Info:    Redeclaring symbol font `operators' on input line 63.
LaTeX Font Info:    Encoding `OT1' has changed to `T1' for symbol font
(Font)              `operators' in the math version `normal' on input line 63.
LaTeX Font Info:    Overwriting symbol font `operators' in version `normal'
(Font)                  OT1/cmr/m/n --> T1/futs/m/n on input line 63.
LaTeX Font Info:    Encoding `OT1' has changed to `T1' for symbol font
(Font)              `operators' in the math version `bold' on input line 63.
LaTeX Font Info:    Overwriting symbol font `operators' in version `bold'
(Font)                  OT1/cmr/bx/n --> T1/futs/m/n on input line 63.
LaTeX Font Info:    Overwriting symbol font `operators' in version `bold'
(Font)                  T1/futs/m/n --> T1/futs/b/n on input line 64.
LaTeX Font Info:    Redeclaring symbol font `letters' on input line 72.
LaTeX Font Info:    Encoding `OML' has changed to `FML' for symbol font
(Font)              `letters' in the math version `normal' on input line 72.
LaTeX Font Info:    Overwriting symbol font `letters' in version `normal'
(Font)                  OML/cmm/m/it --> FML/futmi/m/it on input line 72.
LaTeX Font Info:    Encoding `OML' has changed to `FML' for symbol font
(Font)              `letters' in the math version `bold' on input line 72.
LaTeX Font Info:    Overwriting symbol font `letters' in version `bold'
(Font)                  OML/cmm/b/it --> FML/futmi/m/it on input line 72.
\symotherletters=\mathgroup4
LaTeX Font Info:    Overwriting symbol font `letters' in version `bold'
(Font)                  FML/futmi/m/it --> FML/futmi/b/it on input line 74.
LaTeX Font Info:    Overwriting symbol font `otherletters' in version `bold'
(Font)                  FML/futm/m/it --> FML/futm/b/it on input line 75.
LaTeX Font Info:    Redeclaring math symbol \Gamma on input line 76.
LaTeX Font Info:    Redeclaring math symbol \Delta on input line 77.
LaTeX Font Info:    Redeclaring math symbol \Theta on input line 78.
LaTeX Font Info:    Redeclaring math symbol \Lambda on input line 79.
LaTeX Font Info:    Redeclaring math symbol \Xi on input line 80.
LaTeX Font Info:    Redeclaring math symbol \Pi on input line 81.
LaTeX Font Info:    Redeclaring math symbol \Sigma on input line 82.
LaTeX Font Info:    Redeclaring math symbol \Upsilon on input line 83.
LaTeX Font Info:    Redeclaring math symbol \Phi on input line 84.
LaTeX Font Info:    Redeclaring math symbol \Psi on input line 85.
LaTeX Font Info:    Redeclaring math symbol \Omega on input line 86.
LaTeX Font Info:    Redeclaring symbol font `symbols' on input line 126.
LaTeX Font Info:    Encoding `OMS' has changed to `FMS' for symbol font
(Font)              `symbols' in the math version `normal' on input line 126.
LaTeX Font Info:    Overwriting symbol font `symbols' in version `normal'
(Font)                  OMS/cmsy/m/n --> FMS/futm/m/n on input line 126.
LaTeX Font Info:    Encoding `OMS' has changed to `FMS' for symbol font
(Font)              `symbols' in the math version `bold' on input line 126.
LaTeX Font Info:    Overwriting symbol font `symbols' in version `bold'
(Font)                  OMS/cmsy/b/n --> FMS/futm/m/n on input line 126.
LaTeX Font Info:    Redeclaring symbol font `largesymbols' on input line 127.
LaTeX Font Info:    Encoding `OMX' has changed to `FMX' for symbol font
(Font)              `largesymbols' in the math version `normal' on input line 127.
LaTeX Font Info:    Overwriting symbol font `largesymbols' in version `normal'
(Font)                  OMX/cmex/m/n --> FMX/futm/m/n on input line 127.
LaTeX Font Info:    Encoding `OMX' has changed to `FMX' for symbol font
(Font)              `largesymbols' in the math version `bold' on input line 127.
LaTeX Font Info:    Overwriting symbol font `largesymbols' in version `bold'
(Font)                  OMX/cmex/m/n --> FMX/futm/m/n on input line 127.
LaTeX Font Info:    Redeclaring math alphabet \mathbf on input line 128.
LaTeX Font Info:    Overwriting math alphabet `\mathbf' in version `normal'
(Font)                  OT1/cmr/bx/n --> T1/futs/bx/n on input line 128.
LaTeX Font Info:    Overwriting math alphabet `\mathbf' in version `bold'
(Font)                  OT1/cmr/bx/n --> T1/futs/bx/n on input line 128.
LaTeX Font Info:    Redeclaring math alphabet \mathrm on input line 129.
LaTeX Font Info:    Redeclaring math alphabet \mathit on input line 130.
LaTeX Font Info:    Overwriting math alphabet `\mathit' in version `normal'
(Font)                  OT1/cmr/m/it --> T1/futs/m/it on input line 130.
LaTeX Font Info:    Overwriting math alphabet `\mathit' in version `bold'
(Font)                  OT1/cmr/bx/it --> T1/futs/m/it on input line 130.
LaTeX Font Info:    Redeclaring math alphabet \mathcal on input line 131.
LaTeX Font Info:    Redeclaring math symbol \parallel on input line 147.
LaTeX Font Info:    Redeclaring math symbol \hbar on input line 161.
LaTeX Font Info:    Redeclaring math symbol \varkappa on input line 199.
LaTeX Font Info:    Redeclaring math symbol \varvarrho on input line 200.
LaTeX Font Info:    Redeclaring math delimiter \Vert on input line 223.
LaTeX Font Info:    Redeclaring math delimiter \vert on input line 228.
LaTeX Font Info:    Redeclaring math delimiter \Downarrow on input line 238.
LaTeX Font Info:    Redeclaring math delimiter \backslash on input line 240.
LaTeX Font Info:    Redeclaring math delimiter \rangle on input line 242.
LaTeX Font Info:    Redeclaring math delimiter \langle on input line 244.
LaTeX Font Info:    Redeclaring math delimiter \rbrace on input line 246.
LaTeX Font Info:    Redeclaring math delimiter \lbrace on input line 248.
LaTeX Font Info:    Redeclaring math delimiter \rceil on input line 250.
LaTeX Font Info:    Redeclaring math delimiter \lceil on input line 252.
LaTeX Font Info:    Redeclaring math delimiter \rfloor on input line 254.
LaTeX Font Info:    Redeclaring math delimiter \lfloor on input line 256.
LaTeX Font Info:    Redeclaring math accent \acute on input line 260.
LaTeX Font Info:    Redeclaring math accent \grave on input line 261.
LaTeX Font Info:    Redeclaring math accent \ddot on input line 262.
LaTeX Font Info:    Redeclaring math accent \tilde on input line 263.
LaTeX Font Info:    Redeclaring math accent \bar on input line 264.
LaTeX Font Info:    Redeclaring math accent \breve on input line 265.
LaTeX Font Info:    Redeclaring math accent \check on input line 266.
LaTeX Font Info:    Redeclaring math accent \hat on input line 267.
LaTeX Font Info:    Redeclaring math accent \dot on input line 268.
LaTeX Font Info:    Redeclaring math accent \mathring on input line 269.
\symUfutm=\mathgroup5
) (c:/texlive/2022/texmf-dist/tex/latex/quattrocento/quattrocento.sty
Package: quattrocento 2022/09/13 (Bob Tennent) Supports Quattrocento(Sans) fonts for all LaTeX engines. 
 (c:/texlive/2022/texmf-dist/tex/generic/iftex/ifxetex.sty
Package: ifxetex 2019/10/25 v0.7 ifxetex legacy package. Use iftex instead.
) (c:/texlive/2022/texmf-dist/tex/generic/iftex/ifluatex.sty
Package: ifluatex 2019/10/25 v1.5 ifluatex legacy package. Use iftex instead.
) (c:/texlive/2022/texmf-dist/tex/latex/base/fontenc.sty
Package: fontenc 2021/04/29 v2.0v Standard LaTeX package
) (c:/texlive/2022/texmf-dist/tex/latex/fontaxes/fontaxes.sty
Package: fontaxes 2020/07/21 v1.0e Font selection axes
LaTeX Info: Redefining \upshape on input line 29.
LaTeX Info: Redefining \itshape on input line 31.
LaTeX Info: Redefining \slshape on input line 33.
LaTeX Info: Redefining \swshape on input line 35.
LaTeX Info: Redefining \scshape on input line 37.
LaTeX Info: Redefining \sscshape on input line 39.
LaTeX Info: Redefining \ulcshape on input line 41.
LaTeX Info: Redefining \textsw on input line 47.
LaTeX Info: Redefining \textssc on input line 48.
LaTeX Info: Redefining \textulc on input line 49.
)) (c:/texlive/2022/texmf-dist/tex/latex/psnfss/charter.sty
Package: charter 2020/03/25 PSNFSS-v9.3 (P.Dyballa) 
) (c:/texlive/2022/texmf-dist/tex/latex/abstract/abstract.sty
Package: abstract 2009/06/08 v1.2a configurable abstracts
\abstitleskip=\skip50
\absleftindent=\skip51
\absrightindent=\skip52
\absparindent=\skip53
\absparsep=\skip54
) (c:/texlive/2022/texmf-dist/tex/latex/titling/titling.sty
Package: titling 2009/09/04 v2.1d maketitle typesetting
\thanksmarkwidth=\skip55
\thanksmargin=\skip56
\droptitle=\skip57
) (c:/texlive/2022/texmf-dist/tex/latex/titlesec/titlesec.sty
Package: titlesec 2021/07/05 v2.14 Sectioning titles
\ttl@box=\box51
\beforetitleunit=\skip58
\aftertitleunit=\skip59
\ttl@plus=\dimen141
\ttl@minus=\dimen142
\ttl@toksa=\toks20
\titlewidth=\dimen143
\titlewidthlast=\dimen144
\titlewidthfirst=\dimen145
) (c:/texlive/2022/texmf-dist/tex/latex/fancyhdr/fancyhdr.sty
Package: fancyhdr 2022/11/09 v4.1 Extensive control of page headers and footers
\f@nch@headwidth=\skip60
\f@nch@O@elh=\skip61
\f@nch@O@erh=\skip62
\f@nch@O@olh=\skip63
\f@nch@O@orh=\skip64
\f@nch@O@elf=\skip65
\f@nch@O@erf=\skip66
\f@nch@O@olf=\skip67
\f@nch@O@orf=\skip68
) (c:/texlive/2022/texmf-dist/tex/latex/footmisc/footmisc.sty
Package: footmisc 2022/03/08 v6.0d a miscellany of footnote facilities
\FN@temptoken=\toks21
\footnotemargin=\dimen146
\@outputbox@depth=\dimen147
Package footmisc Info: Declaring symbol style bringhurst on input line 695.
Package footmisc Info: Declaring symbol style chicago on input line 703.
Package footmisc Info: Declaring symbol style wiley on input line 712.
Package footmisc Info: Declaring symbol style lamport-robust on input line 723.
Package footmisc Info: Declaring symbol style lamport* on input line 743.
Package footmisc Info: Declaring symbol style lamport*-robust on input line 764.
) (c:/texlive/2022/texmf-dist/tex/latex/xpatch/xpatch.sty (c:/texlive/2022/texmf-dist/tex/latex/l3kernel/expl3.sty
Package: expl3 2023-01-16 L3 programming layer (loader) 
 (c:/texlive/2022/texmf-dist/tex/latex/l3backend/l3backend-pdftex.def
File: l3backend-pdftex.def 2023-01-16 L3 backend support: PDF output (pdfTeX)
\l__color_backend_stack_int=\count195
\l__pdf_internal_box=\box52
))
Package: xpatch 2020/03/25 v0.3a Extending etoolbox patching commands
 (c:/texlive/2022/texmf-dist/tex/latex/l3packages/xparse/xparse.sty
Package: xparse 2023-01-16 L3 Experimental document command parser
) (c:/texlive/2022/texmf-dist/tex/latex/etoolbox/etoolbox.sty
Package: etoolbox 2020/10/05 v2.5k e-TeX tools for LaTeX (JAW)
\etb@tempcnta=\count196
)) (c:/texlive/2022/texmf-dist/tex/latex/endnotes/endnotes.sty
Package: endnotes 2020-01-02 endnotes package
\c@endnote=\count197
\endnotesep=\dimen148
\@enotes=\write3
) (c:/texlive/2022/texmf-dist/tex/latex/caption/caption.sty
Package: caption 2022/03/01 v3.6b Customizing captions (AR)
 (c:/texlive/2022/texmf-dist/tex/latex/caption/caption3.sty
Package: caption3 2022/03/17 v2.3b caption3 kernel (AR)
\caption@tempdima=\dimen149
\captionmargin=\dimen150
\caption@leftmargin=\dimen151
\caption@rightmargin=\dimen152
\caption@width=\dimen153
\caption@indent=\dimen154
\caption@parindent=\dimen155
\caption@hangindent=\dimen156
Package caption Info: Standard document class detected.
)
\c@caption@flags=\count198
\c@continuedfloat=\count199
) (c:/texlive/2022/texmf-dist/tex/latex/enumitem/enumitem.sty
Package: enumitem 2019/06/20 v3.9 Customized lists
\enitkv@toks@=\toks22
\labelindent=\skip69
\enit@outerparindent=\dimen157
\enit@toks=\toks23
\enit@inbox=\box53
\enit@count@id=\count266
\enitdp@description=\count267
) (c:/texlive/2022/texmf-dist/tex/latex/natbib/natbib.sty
Package: natbib 2010/09/13 8.31b (PWD, AO)
\bibhang=\skip70
\bibsep=\skip71
LaTeX Info: Redefining \cite on input line 694.
\c@NAT@ctr=\count268
) (c:/texlive/2022/texmf-dist/tex/latex/lineno/lineno.sty
Package: lineno 2023/01/19 line numbers on paragraphs v5.1
\linenopenalty=\count269
\output=\toks24
\linenoprevgraf=\count270
\linenumbersep=\dimen158
\linenumberwidth=\dimen159
\c@linenumber=\count271
\c@pagewiselinenumber=\count272
\c@LN@truepage=\count273
\c@internallinenumber=\count274
\c@internallinenumbers=\count275
\quotelinenumbersep=\dimen160
\bframerule=\dimen161
\bframesep=\dimen162
\bframebox=\box54
LaTeX Info: Redefining \\ on input line 3131.
)) (c:/texlive/2022/texmf-dist/tex/latex/amsmath/amsmath.sty
Package: amsmath 2022/04/08 v2.17n AMS math features
\@mathmargin=\skip72

For additional information on amsmath, use the `?' option.
(c:/texlive/2022/texmf-dist/tex/latex/amsmath/amstext.sty
Package: amstext 2021/08/26 v2.01 AMS text
 (c:/texlive/2022/texmf-dist/tex/latex/amsmath/amsgen.sty
File: amsgen.sty 1999/11/30 v2.0 generic functions
\@emptytoks=\toks25
\ex@=\dimen163
)) (c:/texlive/2022/texmf-dist/tex/latex/amsmath/amsbsy.sty
Package: amsbsy 1999/11/29 v1.2d Bold Symbols
\pmbraise@=\dimen164
) (c:/texlive/2022/texmf-dist/tex/latex/amsmath/amsopn.sty
Package: amsopn 2022/04/08 v2.04 operator names
)
\inf@bad=\count276
LaTeX Info: Redefining \frac on input line 234.
\uproot@=\count277
\leftroot@=\count278
LaTeX Info: Redefining \overline on input line 399.
LaTeX Info: Redefining \colon on input line 410.
\classnum@=\count279
\DOTSCASE@=\count280
LaTeX Info: Redefining \ldots on input line 496.
LaTeX Info: Redefining \dots on input line 499.
LaTeX Info: Redefining \cdots on input line 620.
\Mathstrutbox@=\box55
\strutbox@=\box56
LaTeX Info: Redefining \big on input line 722.
LaTeX Info: Redefining \Big on input line 723.
LaTeX Info: Redefining \bigg on input line 724.
LaTeX Info: Redefining \Bigg on input line 725.
\big@size=\dimen165
LaTeX Font Info:    Redeclaring font encoding OML on input line 743.
LaTeX Font Info:    Redeclaring font encoding OMS on input line 744.
\macc@depth=\count281
LaTeX Info: Redefining \bmod on input line 905.
LaTeX Info: Redefining \pmod on input line 910.
LaTeX Info: Redefining \smash on input line 940.
LaTeX Info: Redefining \relbar on input line 970.
LaTeX Info: Redefining \Relbar on input line 971.
\c@MaxMatrixCols=\count282
\dotsspace@=\muskip16
\c@parentequation=\count283
\dspbrk@lvl=\count284
\tag@help=\toks26
\row@=\count285
\column@=\count286
\maxfields@=\count287
\andhelp@=\toks27
\eqnshift@=\dimen166
\alignsep@=\dimen167
\tagshift@=\dimen168
\tagwidth@=\dimen169
\totwidth@=\dimen170
\lineht@=\dimen171
\@envbody=\toks28
\multlinegap=\skip73
\multlinetaggap=\skip74
\mathdisplay@stack=\toks29
LaTeX Info: Redefining \[ on input line 2953.
LaTeX Info: Redefining \] on input line 2954.
)
\linenoamsmath@ams@eqpen=\count288
 (c:/texlive/2022/texmf-dist/tex/latex/hyperref/hyperref.sty
Package: hyperref 2022-11-13 v7.00u Hypertext links for LaTeX
 (c:/texlive/2022/texmf-dist/tex/generic/ltxcmds/ltxcmds.sty
Package: ltxcmds 2020-05-10 v1.25 LaTeX kernel commands for general use (HO)
) (c:/texlive/2022/texmf-dist/tex/generic/pdftexcmds/pdftexcmds.sty
Package: pdftexcmds 2020-06-27 v0.33 Utility functions of pdfTeX for LuaTeX (HO)
 (c:/texlive/2022/texmf-dist/tex/generic/infwarerr/infwarerr.sty
Package: infwarerr 2019/12/03 v1.5 Providing info/warning/error messages (HO)
)
Package pdftexcmds Info: \pdf@primitive is available.
Package pdftexcmds Info: \pdf@ifprimitive is available.
Package pdftexcmds Info: \pdfdraftmode found.
) (c:/texlive/2022/texmf-dist/tex/latex/kvsetkeys/kvsetkeys.sty
Package: kvsetkeys 2022-10-05 v1.19 Key value parser (HO)
) (c:/texlive/2022/texmf-dist/tex/generic/kvdefinekeys/kvdefinekeys.sty
Package: kvdefinekeys 2019-12-19 v1.6 Define keys (HO)
) (c:/texlive/2022/texmf-dist/tex/generic/pdfescape/pdfescape.sty
Package: pdfescape 2019/12/09 v1.15 Implements pdfTeX's escape features (HO)
) (c:/texlive/2022/texmf-dist/tex/latex/hycolor/hycolor.sty
Package: hycolor 2020-01-27 v1.10 Color options for hyperref/bookmark (HO)
) (c:/texlive/2022/texmf-dist/tex/latex/letltxmacro/letltxmacro.sty
Package: letltxmacro 2019/12/03 v1.6 Let assignment for LaTeX macros (HO)
) (c:/texlive/2022/texmf-dist/tex/latex/auxhook/auxhook.sty
Package: auxhook 2019-12-17 v1.6 Hooks for auxiliary files (HO)
) (c:/texlive/2022/texmf-dist/tex/latex/hyperref/nameref.sty
Package: nameref 2022-05-17 v2.50 Cross-referencing by name of section
 (c:/texlive/2022/texmf-dist/tex/latex/refcount/refcount.sty
Package: refcount 2019/12/15 v3.6 Data extraction from label references (HO)
) (c:/texlive/2022/texmf-dist/tex/generic/gettitlestring/gettitlestring.sty
Package: gettitlestring 2019/12/15 v1.6 Cleanup title references (HO)
 (c:/texlive/2022/texmf-dist/tex/latex/kvoptions/kvoptions.sty
Package: kvoptions 2022-06-15 v3.15 Key value format for package options (HO)
))
\c@section@level=\count289
)
\@linkdim=\dimen172
\Hy@linkcounter=\count290
\Hy@pagecounter=\count291
 (c:/texlive/2022/texmf-dist/tex/latex/hyperref/pd1enc.def
File: pd1enc.def 2022-11-13 v7.00u Hyperref: PDFDocEncoding definition (HO)
Now handling font encoding PD1 ...
... no UTF-8 mapping file for font encoding PD1
) (c:/texlive/2022/texmf-dist/tex/generic/intcalc/intcalc.sty
Package: intcalc 2019/12/15 v1.3 Expandable calculations with integers (HO)
) (c:/texlive/2022/texmf-dist/tex/generic/etexcmds/etexcmds.sty
Package: etexcmds 2019/12/15 v1.7 Avoid name clashes with e-TeX commands (HO)
)
\Hy@SavedSpaceFactor=\count292
 (c:/texlive/2022/texmf-dist/tex/latex/hyperref/puenc.def
File: puenc.def 2022-11-13 v7.00u Hyperref: PDF Unicode definition (HO)
Now handling font encoding PU ...
... no UTF-8 mapping file for font encoding PU
)
Package hyperref Info: Hyper figures OFF on input line 4162.
Package hyperref Info: Link nesting OFF on input line 4167.
Package hyperref Info: Hyper index ON on input line 4170.
Package hyperref Info: Plain pages OFF on input line 4177.
Package hyperref Info: Backreferencing OFF on input line 4182.
Package hyperref Info: Implicit mode ON; LaTeX internals redefined.
Package hyperref Info: Bookmarks ON on input line 4410.
\c@Hy@tempcnt=\count293
 (c:/texlive/2022/texmf-dist/tex/latex/url/url.sty
\Urlmuskip=\muskip17
Package: url 2013/09/16  ver 3.4  Verb mode for urls, etc.
)
LaTeX Info: Redefining \url on input line 4748.
\XeTeXLinkMargin=\dimen173
 (c:/texlive/2022/texmf-dist/tex/generic/bitset/bitset.sty
Package: bitset 2019/12/09 v1.3 Handle bit-vector datatype (HO)
 (c:/texlive/2022/texmf-dist/tex/generic/bigintcalc/bigintcalc.sty
Package: bigintcalc 2019/12/15 v1.5 Expandable calculations on big integers (HO)
))
\Fld@menulength=\count294
\Field@Width=\dimen174
\Fld@charsize=\dimen175
Package hyperref Info: Hyper figures OFF on input line 6027.
Package hyperref Info: Link nesting OFF on input line 6032.
Package hyperref Info: Hyper index ON on input line 6035.
Package hyperref Info: backreferencing OFF on input line 6042.
Package hyperref Info: Link coloring OFF on input line 6047.
Package hyperref Info: Link coloring with OCG OFF on input line 6052.
Package hyperref Info: PDF/A mode OFF on input line 6057.
 (c:/texlive/2022/texmf-dist/tex/latex/base/atbegshi-ltx.sty
Package: atbegshi-ltx 2021/01/10 v1.0c Emulation of the original atbegshi
package with kernel methods
)
\Hy@abspage=\count295
\c@Item=\count296
\c@Hfootnote=\count297
)
Package hyperref Info: Driver (autodetected): hpdftex.
 (c:/texlive/2022/texmf-dist/tex/latex/hyperref/hpdftex.def
File: hpdftex.def 2022-11-13 v7.00u Hyperref driver for pdfTeX
 (c:/texlive/2022/texmf-dist/tex/latex/base/atveryend-ltx.sty
Package: atveryend-ltx 2020/08/19 v1.0a Emulation of the original atveryend package
with kernel methods
)
\Fld@listcount=\count298
\c@bookmark@seq@number=\count299
 (c:/texlive/2022/texmf-dist/tex/latex/rerunfilecheck/rerunfilecheck.sty
Package: rerunfilecheck 2022-07-10 v1.10 Rerun checks for auxiliary files (HO)
 (c:/texlive/2022/texmf-dist/tex/generic/uniquecounter/uniquecounter.sty
Package: uniquecounter 2019/12/15 v1.4 Provide unlimited unique counter (HO)
)
Package uniquecounter Info: New unique counter `rerunfilecheck' on input line 285.
)
\Hy@SectionHShift=\skip75
) (c:/texlive/2022/texmf-dist/tex/latex/graphics/graphicx.sty
Package: graphicx 2021/09/16 v1.2d Enhanced LaTeX Graphics (DPC,SPQR)
 (c:/texlive/2022/texmf-dist/tex/latex/graphics/graphics.sty
Package: graphics 2022/03/10 v1.4e Standard LaTeX Graphics (DPC,SPQR)
 (c:/texlive/2022/texmf-dist/tex/latex/graphics/trig.sty
Package: trig 2021/08/11 v1.11 sin cos tan (DPC)
) (c:/texlive/2022/texmf-dist/tex/latex/graphics-cfg/graphics.cfg
File: graphics.cfg 2016/06/04 v1.11 sample graphics configuration
)
Package graphics Info: Driver file: pdftex.def on input line 107.
 (c:/texlive/2022/texmf-dist/tex/latex/graphics-def/pdftex.def
File: pdftex.def 2022/09/22 v1.2b Graphics/color driver for pdftex
))
\Gin@req@height=\dimen176
\Gin@req@width=\dimen177
) (c:/texlive/2022/texmf-dist/tex/latex/booktabs/booktabs.sty
Package: booktabs 2020/01/12 v1.61803398 Publication quality tables
\heavyrulewidth=\dimen178
\lightrulewidth=\dimen179
\cmidrulewidth=\dimen180
\belowrulesep=\dimen181
\belowbottomsep=\dimen182
\aboverulesep=\dimen183
\abovetopsep=\dimen184
\cmidrulesep=\dimen185
\cmidrulekern=\dimen186
\defaultaddspace=\dimen187
\@cmidla=\count300
\@cmidlb=\count301
\@aboverulesep=\dimen188
\@belowrulesep=\dimen189
\@thisruleclass=\count302
\@lastruleclass=\count303
\@thisrulewidth=\dimen190
) (c:/texlive/2022/texmf-dist/tex/latex/lipsum/lipsum.sty (c:/texlive/2022/texmf-dist/tex/latex/l3packages/l3keys2e/l3keys2e.sty
Package: l3keys2e 2023-01-16 LaTeX2e option processing using LaTeX3 keys
)
Package: lipsum 2021-09-20 v2.7 150 paragraphs of Lorem Ipsum dummy text
\g__lipsum_par_int=\count304
\l__lipsum_a_int=\count305
\l__lipsum_b_int=\count306
 (c:/texlive/2022/texmf-dist/tex/latex/lipsum/lipsum.ltd.tex))
LaTeX Font Info:    Trying to load font information for T1+bch on input line 62.
 (c:/texlive/2022/texmf-dist/tex/latex/psnfss/t1bch.fd
File: t1bch.fd 2004/10/18 font definitions for T1/bch.
)
No file PowerToThePeople_v1.aux.
\openout1 = `PowerToThePeople_v1.aux'.

LaTeX Font Info:    Checking defaults for OML/cmm/m/it on input line 62.
LaTeX Font Info:    ... okay on input line 62.
LaTeX Font Info:    Checking defaults for OMS/cmsy/m/n on input line 62.
LaTeX Font Info:    ... okay on input line 62.
LaTeX Font Info:    Checking defaults for OT1/cmr/m/n on input line 62.
LaTeX Font Info:    ... okay on input line 62.
LaTeX Font Info:    Checking defaults for T1/cmr/m/n on input line 62.
LaTeX Font Info:    ... okay on input line 62.
LaTeX Font Info:    Checking defaults for TS1/cmr/m/n on input line 62.
LaTeX Font Info:    ... okay on input line 62.
LaTeX Font Info:    Checking defaults for OMX/cmex/m/n on input line 62.
LaTeX Font Info:    ... okay on input line 62.
LaTeX Font Info:    Checking defaults for U/cmr/m/n on input line 62.
LaTeX Font Info:    ... okay on input line 62.
LaTeX Font Info:    Checking defaults for FML/futm/m/it on input line 62.
LaTeX Font Info:    Trying to load font information for FML+futm on input line 62.
(c:/texlive/2022/texmf-dist/tex/latex/fourier/fmlfutm.fd
File: fmlfutm.fd 2004/10/30 Fontinst v1.926 font definitions for FML/futm.
)
LaTeX Font Info:    ... okay on input line 62.
LaTeX Font Info:    Checking defaults for FMS/futm/m/n on input line 62.
LaTeX Font Info:    Trying to load font information for FMS+futm on input line 62.
 (c:/texlive/2022/texmf-dist/tex/latex/fourier/fmsfutm.fd
File: fmsfutm.fd 2004/10/30 Fontinst v1.926 font definitions for FMS/futm.
)
LaTeX Font Info:    ... okay on input line 62.
LaTeX Font Info:    Checking defaults for FMX/futm/m/n on input line 62.
LaTeX Font Info:    Trying to load font information for FMX+futm on input line 62.
 (c:/texlive/2022/texmf-dist/tex/latex/fourier/fmxfutm.fd
File: fmxfutm.fd futm-extension
)
LaTeX Font Info:    ... okay on input line 62.
LaTeX Font Info:    Checking defaults for PD1/pdf/m/n on input line 62.
LaTeX Font Info:    ... okay on input line 62.
LaTeX Font Info:    Checking defaults for PU/pdf/m/n on input line 62.
LaTeX Font Info:    ... okay on input line 62.
 (c:/texlive/2022/texmf-dist/tex/latex/upquote/upquote.sty
Package: upquote 2012/04/19 v1.3 upright-quote and grave-accent glyphs in verbatim
)
\c@mv@tabular=\count307
\c@mv@boldtabular=\count308
Package caption Info: Begin \AtBeginDocument code.
Package caption Info: hyperref package is loaded.
Package caption Info: End \AtBeginDocument code.
Package hyperref Info: Link coloring OFF on input line 62.
\@outlinefile=\write4
\openout4 = `PowerToThePeople_v1.out'.

 (c:/texlive/2022/texmf-dist/tex/context/base/mkii/supp-pdf.mkii
[Loading MPS to PDF converter (version 2006.09.02).]
\scratchcounter=\count309
\scratchdimen=\dimen191
\scratchbox=\box57
\nofMPsegments=\count310
\nofMParguments=\count311
\everyMPshowfont=\toks30
\MPscratchCnt=\count312
\MPscratchDim=\dimen192
\MPnumerator=\count313
\makeMPintoPDFobject=\count314
\everyMPtoPDFconversion=\toks31
) (c:/texlive/2022/texmf-dist/tex/latex/epstopdf-pkg/epstopdf-base.sty
Package: epstopdf-base 2020-01-24 v2.11 Base part for package epstopdf
Package epstopdf-base Info: Redefining graphics rule for `.eps' on input line 485.
 (c:/texlive/2022/texmf-dist/tex/latex/latexconfig/epstopdf-sys.cfg
File: epstopdf-sys.cfg 2010/07/13 v1.3 Configuration of (r)epstopdf for TeX Live
))
LaTeX Font Info:    Trying to load font information for T1+QuattroSans-LF on input line 79.
 (c:/texlive/2022/texmf-dist/tex/latex/quattrocento/T1QuattroSans-LF.fd
File: T1QuattroSans-LF.fd 2020/07/28 (autoinst) Font definitions for T1/QuattroSans-LF.
)
LaTeX Font Info:    Font shape `T1/QuattroSans-LF/m/n' aliased to
(Font)              `T1/QuattroSans-LF/regular/n' on input line 79.
LaTeX Font Info:    Font shape `T1/QuattroSans-LF/regular/n' will be
(Font)              scaled to size 10.0pt on input line 79.
LaTeX Font Info:    Font shape `T1/QuattroSans-LF/b/n' aliased to
(Font)              `T1/QuattroSans-LF/bold/n' on input line 79.
LaTeX Font Info:    Font shape `T1/QuattroSans-LF/bold/n' will be
(Font)              scaled to size 10.0pt on input line 79.
LaTeX Font Info:    Font shape `T1/QuattroSans-LF/b/n' aliased to
(Font)              `T1/QuattroSans-LF/bold/n' on input line 79.
LaTeX Font Info:    Font shape `T1/QuattroSans-LF/bold/n' will be
(Font)              scaled to size 12.0pt on input line 79.
LaTeX Font Info:    Font shape `T1/QuattroSans-LF/b/n' aliased to
(Font)              `T1/QuattroSans-LF/bold/n' on input line 79.
LaTeX Font Info:    Font shape `T1/QuattroSans-LF/bold/n' will be
(Font)              scaled to size 20.74pt on input line 79.
LaTeX Font Info:    Font shape `T1/QuattroSans-LF/m/n' aliased to
(Font)              `T1/QuattroSans-LF/regular/n' on input line 79.
LaTeX Font Info:    Font shape `T1/QuattroSans-LF/regular/n' will be
(Font)              scaled to size 14.4pt on input line 79.
LaTeX Font Info:    Trying to load font information for FML+futmi on input line 79.
 (c:/texlive/2022/texmf-dist/tex/latex/fourier/fmlfutmi.fd
File: fmlfutmi.fd 2004/10/30 Fontinst v1.926 font definitions for FML/futmi.
)
LaTeX Font Info:    Font shape `FMX/futm/m/n' will be
(Font)              scaled to size 13.24796pt on input line 79.
LaTeX Font Info:    Font shape `FMX/futm/m/n' will be
(Font)              scaled to size 9.19998pt on input line 79.
LaTeX Font Info:    Font shape `FMX/futm/m/n' will be
(Font)              scaled to size 7.35999pt on input line 79.
LaTeX Font Info:    Font shape `U/futm/m/n' will be
(Font)              scaled to size 13.24796pt on input line 79.
LaTeX Font Info:    Font shape `U/futm/m/n' will be
(Font)              scaled to size 9.19998pt on input line 79.
LaTeX Font Info:    Font shape `U/futm/m/n' will be
(Font)              scaled to size 7.35999pt on input line 79.
LaTeX Font Info:    Trying to load font information for TS1+bch on input line 79.
 (c:/texlive/2022/texmf-dist/tex/latex/psnfss/ts1bch.fd
File: ts1bch.fd 2004/10/18 font definitions for TS1/bch.
)
LaTeX Font Info:    Font shape `FMX/futm/m/n' will be
(Font)              scaled to size 6.25598pt on input line 79.
LaTeX Font Info:    Font shape `FMX/futm/m/n' will be
(Font)              scaled to size 5.51999pt on input line 79.
LaTeX Font Info:    Font shape `U/futm/m/n' will be
(Font)              scaled to size 6.25598pt on input line 79.
LaTeX Font Info:    Font shape `U/futm/m/n' will be
(Font)              scaled to size 5.51999pt on input line 79.
LaTeX Font Info:    Font shape `T1/QuattroSans-LF/m/n' aliased to
(Font)              `T1/QuattroSans-LF/regular/n' on input line 79.
LaTeX Font Info:    Font shape `T1/QuattroSans-LF/regular/n' will be
(Font)              scaled to size 12.0pt on input line 79.
LaTeX Font Info:    Font shape `T1/QuattroSans-LF/m/n' aliased to
(Font)              `T1/QuattroSans-LF/regular/n' on input line 80.
LaTeX Font Info:    Font shape `T1/QuattroSans-LF/regular/n' will be
(Font)              scaled to size 8.0pt on input line 80.


Package lineno Warning: Linenumber reference failed, 
(lineno)                rerun to get it right.

LaTeX Font Info:    Font shape `T1/QuattroSans-LF/m/n' aliased to
(Font)              `T1/QuattroSans-LF/regular/n' on input line 86.
LaTeX Font Info:    Font shape `T1/QuattroSans-LF/regular/n' will be
(Font)              scaled to size 6.0pt on input line 86.

Package natbib Warning: Citation `boniniPlatformedHowStreaming2024' on page 1 undefined on input line 88.


Package natbib Warning: Citation `frithPerformingRitesValue1996' on page 1 undefined on input line 88.


Package natbib Warning: Citation `dimaggioClassificationArt1987' on page 1 undefined on input line 88.


Package natbib Warning: Citation `silverGenreComplexesPopular2016' on page 1 undefined on input line 88.


Package natbib Warning: Citation `airoldiFollowAlgorithmExploratory2016' on page 1 undefined on input line 88.


Package natbib Warning: Citation `lonsdaleMusicalTasteIngroup2021' on page 1 undefined on input line 88.


Package natbib Warning: Citation `valverdeInequityDesignMusic2025' on page 1 undefined on input line 88.


Package natbib Warning: Citation `lepaPopularMusicEntertainment2020' on page 1 undefined on input line 88.


Package natbib Warning: Citation `porcaroAssessingImpactMusic2024' on page 1 undefined on input line 88.


Package natbib Warning: Citation `flexerHubnessCaseTechnical2018' on page 1 undefined on input line 88.


Package natbib Warning: Citation `flexerProblemLimitedInterrater2016' on page 1 undefined on input line 88.


Underfull \hbox (badness 4805) in paragraph at lines 88--90
\T1/bch/m/n/10 Although playlist-driven lis-ten-ing has grown on
 []


Package natbib Warning: Citation `vanvenrooijCategoricalAmbiguityCultural2018' on page 1 undefined on input line 91.


Package natbib Warning: Citation `frithPerformingRitesValue1996' on page 1 undefined on input line 91.


Package natbib Warning: Citation `negusMusicGenresCorporate1999' on page 1 undefined on input line 91.


Package natbib Warning: Citation `jiangGenreBasedAnalysisNew2024' on page 1 undefined on input line 91.


Underfull \vbox (badness 10000) has occurred while \output is active []

<tismir.png, id=4, 534.99875pt x 134.5025pt>
File: tismir.png Graphic file (type png)
<use tismir.png>
Package pdftex.def Info: tismir.png  used on input line 92.
(pdftex.def)             Requested size: 145.59631pt x 36.60347pt.
LaTeX Font Info:    Font shape `FMX/futm/m/n' will be
(Font)              scaled to size 6.99199pt on input line 92.
LaTeX Font Info:    Font shape `U/futm/m/n' will be
(Font)              scaled to size 6.99199pt on input line 92.
LaTeX Font Info:    Font shape `T1/QuattroSans-LF/m/n' aliased to
(Font)              `T1/QuattroSans-LF/regular/n' on input line 92.
LaTeX Font Info:    Font shape `T1/QuattroSans-LF/regular/n' will be
(Font)              scaled to size 9.0pt on input line 92.
LaTeX Font Info:    Font shape `T1/QuattroSans-LF/m/it' aliased to
(Font)              `T1/QuattroSans-LF/regular/it' on input line 92.
LaTeX Font Info:    Font shape `T1/QuattroSans-LF/regular/it' will be
(Font)              scaled to size 9.0pt on input line 92.

Underfull \hbox (badness 1448) has occurred while \output is active
[]\T1/QuattroSans-LF/regular/n/9 Radke, M. and Lepa, S. (2025). Power to the Peo-ple! As-sign-
 []


Underfull \hbox (badness 2261) has occurred while \output is active
\T1/QuattroSans-LF/regular/n/9 ing Ger-man Pop-u-lar Mu-sic Gen-res Based on Lis-ten-ers' Per-spec-
 []


Underfull \hbox (badness 1902) has occurred while \output is active
\T1/QuattroSans-LF/regular/n/9 tive Us-ing a Genre Tree Ap-proach, \T1/QuattroSans-LF/regular/it/9 Trans-ac-tions of the In-ter-na-
 []


Package fancyhdr Warning: \headheight is too small (40.0pt): 
(fancyhdr)                Make it at least 54.27899pt, for example:
(fancyhdr)                \setlength{\headheight}{54.27899pt}.
(fancyhdr)                You might also make \topmargin smaller to compensate:
(fancyhdr)                \addtolength{\topmargin}{-14.27899pt}.

[1{c:/texlive/2022/texmf-var/fonts/map/pdftex/updmap/pdftex.map}


 <./tismir.png>]

Package natbib Warning: Citation `bogdanovAcousticbrainzGenreDataset2019' on page 2 undefined on input line 93.


Package natbib Warning: Citation `langeCategorizingMusicGenres2025' on page 2 undefined on input line 93.

n:/Materialien/Promotion/GenreDiscourseAnalysis/reports/paper_v1/PowerToThePeople_v1.tex:93: Undefined control sequence.
l.93 ...ity that undermines replication and meta\Ō
                                                  Ćæanalysis~\citep{sturmRev...
The control sequence at the end of the top line
of your error message was never \def'ed. If you have
misspelled it (e.g., `\hobx'), type `I' and the correct
spelling (e.g., `I\hbox'). Otherwise just continue,
and I'll forget about whatever was undefined.


n:/Materialien/Promotion/GenreDiscourseAnalysis/reports/paper_v1/PowerToThePeople_v1.tex:93: LaTeX Error: Invalid UTF-8 byte "80.

See the LaTeX manual or LaTeX Companion for explanation.
Type  H <return>  for immediate help.
 ...                                              
                                                  
l.93 ...ty that undermines replication and meta\ŌĆ
                                                  æanalysis~\citep{sturmRevi...
The document does not appear to be in UTF-8 encoding.
Try adding \UseRawInputEncoding as the first line of the file
or specify an encoding such as \usepackage [latin1]{inputenc}
in the document preamble.
Alternatively, save the file in UTF-8 using your editor or another tool


n:/Materialien/Promotion/GenreDiscourseAnalysis/reports/paper_v1/PowerToThePeople_v1.tex:93: LaTeX Error: Invalid UTF-8 byte "91.

See the LaTeX manual or LaTeX Companion for explanation.
Type  H <return>  for immediate help.
 ...                                              
                                                  
l.93 ...y that undermines replication and meta\ŌĆæ
                                                  analysis~\citep{sturmRevie...
The document does not appear to be in UTF-8 encoding.
Try adding \UseRawInputEncoding as the first line of the file
or specify an encoding such as \usepackage [latin1]{inputenc}
in the document preamble.
Alternatively, save the file in UTF-8 using your editor or another tool


Package natbib Warning: Citation `sturmReviewValidityIts2023' on page 2 undefined on input line 93.


Package natbib Warning: Citation `greenCriticalSurveyResearch2024' on page 2 undefined on input line 93.


Package natbib Warning: Citation `sturmReviewValidityIts2023' on page 2 undefined on input line 93.


Underfull \hbox (badness 1194) in paragraph at lines 93--94
\T1/bch/m/n/10 ad-dress this gap, we present a re-pro-ducible pro-
 []


Package natbib Warning: Citation `pachetTaxonomyMusicalGenres2000' on page 2 undefined on input line 98.


Package natbib Warning: Citation `brackettCategorizingSoundGenre2016' on page 2 undefined on input line 98.


Package natbib Warning: Citation `pachetTaxonomyMusicalGenres2000' on page 2 undefined on input line 98.


Package natbib Warning: Citation `sordoQuestMusicalGenres2008' on page 2 undefined on input line 98.


Package natbib Warning: Citation `dugayDoingCulturalStudies2013' on page 2 undefined on input line 98.


Package natbib Warning: Citation `foucaultArchaeologyKnowledge2013' on page 2 undefined on input line 98.


Package natbib Warning: Citation `lenaClassificationCultureTypes2008' on page 2 undefined on input line 98.


Package natbib Warning: Citation `sturmReviewValidityIts2023' on page 2 undefined on input line 100.


Package natbib Warning: Citation `schreiberImprovingGenreAnnotations2015' on page 2 undefined on input line 100.


Package natbib Warning: Citation `schreiberGenreOntologyLearning2016' on page 2 undefined on input line 100.


Package natbib Warning: Citation `pichlMiningCultureSpecificMusic2017' on page 2 undefined on input line 100.


Package natbib Warning: Citation `nieInaccuratePredictionGenre2022' on page 2 undefined on input line 100.


Underfull \vbox (badness 2538) has occurred while \output is active []



Package natbib Warning: Citation `japkowiczClassImbalanceProblem2002' on page 2 undefined on input line 102.


Package natbib Warning: Citation `bogdanovAcousticbrainzGenreDataset2019' on page 2 undefined on input line 102.


Package natbib Warning: Citation `langeCategorizingMusicGenres2025' on page 2 undefined on input line 102.


Package natbib Warning: Citation `genussovMusicalGenreClassification2010' on page 2 undefined on input line 102.


Package natbib Warning: Citation `caparriniAutomaticSubgenreClassification2020' on page 2 undefined on input line 102.


Package natbib Warning: Citation `greenCriticalSurveyResearch2024' on page 2 undefined on input line 105.


Package natbib Warning: Citation `merliniCriticalInterdisciplinarySurvey2020' on page 2 undefined on input line 105.


Package natbib Warning: Citation `tzanetakisMusicalGenreClassification2002' on page 2 undefined on input line 105.


Package natbib Warning: Citation `rentfrowStructureMusicalPreferences2011' on page 2 undefined on input line 105.


Package natbib Warning: Citation `nealeGenre1980' on page 2 undefined on input line 105.


Package natbib Warning: Citation `fabbriTheoryMusicalGenres1982' on page 2 undefined on input line 105.


Package natbib Warning: Citation `bogdanovESSENTIAOpensourceLibrary2013' on page 2 undefined on input line 105.


Underfull \vbox (badness 6016) has occurred while \output is active []

 [2]

Package natbib Warning: Citation `brandCulturalEvolutionEmotional2019a' on page 3 undefined on input line 107.


Package natbib Warning: Citation `carboneMetaAnalysisStudiesExamining2024' on page 3 undefined on input line 107.


Package natbib Warning: Citation `fabbriTheoryMusicalGenres1982' on page 3 undefined on input line 107.


Package natbib Warning: Citation `holtGenrePopularMusic2007' on page 3 undefined on input line 107.


Underfull \hbox (badness 5548) in paragraph at lines 111--112
[]\T1/bch/b/n/10 RQ1 \T1/bch/m/n/10 How can we con-struct an em-pir-i-cally
 []

n:/Materialien/Promotion/GenreDiscourseAnalysis/reports/paper_v1/PowerToThePeople_v1.tex:128: Missing $ inserted.
<inserted text> 
                $
l.128 ...ented genre labels and a directed edge e_
                                                  {A$\rightarrow$B} quantifi...
I've inserted a begin-math/end-math symbol since I think
you left one out. Proceed, with fingers crossed.

n:/Materialien/Promotion/GenreDiscourseAnalysis/reports/paper_v1/PowerToThePeople_v1.tex:128: Missing } inserted.
<inserted text> 
                }
l.128 ...ed genre labels and a directed edge e_{A$
                                                  \rightarrow$B} quantified ...
I've inserted something that you may have forgotten.
(See the <inserted text> above.)
With luck, this will get me unwedged. But if you
really didn't forget anything, try typing `2' now; then
my insertion and my current dilemma will both disappear.

n:/Materialien/Promotion/GenreDiscourseAnalysis/reports/paper_v1/PowerToThePeople_v1.tex:128: Missing $ inserted.
<inserted text> 
                $
l.128 ...bels and a directed edge e_{A$\rightarrow
                                                  $B} quantified how strongl...
I've inserted a begin-math/end-math symbol since I think
you left one out. Proceed, with fingers crossed.

n:/Materialien/Promotion/GenreDiscourseAnalysis/reports/paper_v1/PowerToThePeople_v1.tex:128: Too many }'s.
l.128 ...s and a directed edge e_{A$\rightarrow$B}
                                                   quantified how strongly g...
You've closed more groups than you opened.
Such booboos are generally harmless, so keep going.

n:/Materialien/Promotion/GenreDiscourseAnalysis/reports/paper_v1/PowerToThePeople_v1.tex:134: Missing $ inserted.
<inserted text> 
                $
l.134 ...his formula produced asymmetric edges (e_
                                                  {A$\rightarrow$B} ŌēĀ e_{B...
I've inserted a begin-math/end-math symbol since I think
you left one out. Proceed, with fingers crossed.

n:/Materialien/Promotion/GenreDiscourseAnalysis/reports/paper_v1/PowerToThePeople_v1.tex:134: Missing } inserted.
<inserted text> 
                }
l.134 ... formula produced asymmetric edges (e_{A$
                                                  \rightarrow$B} ŌēĀ e_{B$\r...
I've inserted something that you may have forgotten.
(See the <inserted text> above.)
With luck, this will get me unwedged. But if you
really didn't forget anything, try typing `2' now; then
my insertion and my current dilemma will both disappear.

n:/Materialien/Promotion/GenreDiscourseAnalysis/reports/paper_v1/PowerToThePeople_v1.tex:134: Missing $ inserted.
<inserted text> 
                $
l.134 ...oduced asymmetric edges (e_{A$\rightarrow
                                                  $B} ŌēĀ e_{B$\rightarrow$A...
I've inserted a begin-math/end-math symbol since I think
you left one out. Proceed, with fingers crossed.

n:/Materialien/Promotion/GenreDiscourseAnalysis/reports/paper_v1/PowerToThePeople_v1.tex:134: Too many }'s.
l.134 ...ced asymmetric edges (e_{A$\rightarrow$B}
                                                   ŌēĀ e_{B$\rightarrow$A}) ...
You've closed more groups than you opened.
Such booboos are generally harmless, so keep going.


n:/Materialien/Promotion/GenreDiscourseAnalysis/reports/paper_v1/PowerToThePeople_v1.tex:134: LaTeX Error: Unicode character ŌēĀ (U+2260)
               not set up for use with LaTeX.

See the LaTeX manual or LaTeX Companion for explanation.
Type  H <return>  for immediate help.
 ...                                              
                                                  
l.134 ...asymmetric edges (e_{A$\rightarrow$B} ŌēĀ
                                                   e_{B$\rightarrow$A}) that...
You may provide a definition with
\DeclareUnicodeCharacter 

n:/Materialien/Promotion/GenreDiscourseAnalysis/reports/paper_v1/PowerToThePeople_v1.tex:134: Missing $ inserted.
<inserted text> 
                $
l.134 ...mmetric edges (e_{A$\rightarrow$B} ŌēĀ e_
                                                  {B$\rightarrow$A}) that co...
I've inserted a begin-math/end-math symbol since I think
you left one out. Proceed, with fingers crossed.

n:/Materialien/Promotion/GenreDiscourseAnalysis/reports/paper_v1/PowerToThePeople_v1.tex:134: Missing } inserted.
<inserted text> 
                }
l.134 ...tric edges (e_{A$\rightarrow$B} ŌēĀ e_{B$
                                                  \rightarrow$A}) that combi...
I've inserted something that you may have forgotten.
(See the <inserted text> above.)
With luck, this will get me unwedged. But if you
really didn't forget anything, try typing `2' now; then
my insertion and my current dilemma will both disappear.

n:/Materialien/Promotion/GenreDiscourseAnalysis/reports/paper_v1/PowerToThePeople_v1.tex:134: Missing $ inserted.
<inserted text> 
                $
l.134 ...(e_{A$\rightarrow$B} ŌēĀ e_{B$\rightarrow
                                                  $A}) that combined directi...
I've inserted a begin-math/end-math symbol since I think
you left one out. Proceed, with fingers crossed.

n:/Materialien/Promotion/GenreDiscourseAnalysis/reports/paper_v1/PowerToThePeople_v1.tex:134: Too many }'s.
l.134 ...{A$\rightarrow$B} ŌēĀ e_{B$\rightarrow$A}
                                                  ) that combined directiona...
You've closed more groups than you opened.
Such booboos are generally harmless, so keep going.

n:/Materialien/Promotion/GenreDiscourseAnalysis/reports/paper_v1/PowerToThePeople_v1.tex:134: Missing $ inserted.
<inserted text> 
                $
l.134 ...ŌĆØ and ŌĆ£metalŌĆØ equalled 0.5, then e_
                                                  {metal$\rightarrow$rock}=0...
I've inserted a begin-math/end-math symbol since I think
you left one out. Proceed, with fingers crossed.

n:/Materialien/Promotion/GenreDiscourseAnalysis/reports/paper_v1/PowerToThePeople_v1.tex:134: Missing } inserted.
<inserted text> 
                }
l.134 ... ŌĆ£metalŌĆØ equalled 0.5, then e_{metal$
                                                  \rightarrow$rock}=0.6 ├Ś 0...
I've inserted something that you may have forgotten.
(See the <inserted text> above.)
With luck, this will get me unwedged. But if you
really didn't forget anything, try typing `2' now; then
my insertion and my current dilemma will both disappear.

n:/Materialien/Promotion/GenreDiscourseAnalysis/reports/paper_v1/PowerToThePeople_v1.tex:134: Missing $ inserted.
<inserted text> 
                $
l.134 ...Ø equalled 0.5, then e_{metal$\rightarrow
                                                  $rock}=0.6 ├Ś 0.5 = 0.3. C...
I've inserted a begin-math/end-math symbol since I think
you left one out. Proceed, with fingers crossed.

n:/Materialien/Promotion/GenreDiscourseAnalysis/reports/paper_v1/PowerToThePeople_v1.tex:134: Too many }'s.
l.134 ...lled 0.5, then e_{metal$\rightarrow$rock}
                                                  =0.6 ├Ś 0.5 = 0.3. Convers...
You've closed more groups than you opened.
Such booboos are generally harmless, so keep going.

n:/Materialien/Promotion/GenreDiscourseAnalysis/reports/paper_v1/PowerToThePeople_v1.tex:134: Missing $ inserted.
<inserted text> 
                $
l.134 ...ote share of 0.7 on ŌĆ£rockŌĆØ tracks, e_
                                                  {rock$\rightarrow$metal} =...
I've inserted a begin-math/end-math symbol since I think
you left one out. Proceed, with fingers crossed.

n:/Materialien/Promotion/GenreDiscourseAnalysis/reports/paper_v1/PowerToThePeople_v1.tex:134: Missing } inserted.
<inserted text> 
                }
l.134 ...are of 0.7 on ŌĆ£rockŌĆØ tracks, e_{rock$
                                                  \rightarrow$metal} = 0.07....
I've inserted something that you may have forgotten.
(See the <inserted text> above.)
With luck, this will get me unwedged. But if you
really didn't forget anything, try typing `2' now; then
my insertion and my current dilemma will both disappear.

n:/Materialien/Promotion/GenreDiscourseAnalysis/reports/paper_v1/PowerToThePeople_v1.tex:134: Missing $ inserted.
<inserted text> 
                $
l.134 ...on ŌĆ£rockŌĆØ tracks, e_{rock$\rightarrow
                                                  $metal} = 0.07. These raw ...
I've inserted a begin-math/end-math symbol since I think
you left one out. Proceed, with fingers crossed.

n:/Materialien/Promotion/GenreDiscourseAnalysis/reports/paper_v1/PowerToThePeople_v1.tex:134: Too many }'s.
l.134 ...ockŌĆØ tracks, e_{rock$\rightarrow$metal}
                                                   = 0.07. These raw weights...
You've closed more groups than you opened.
Such booboos are generally harmless, so keep going.

[3]
n:/Materialien/Promotion/GenreDiscourseAnalysis/reports/paper_v1/PowerToThePeople_v1.tex:142: Missing $ inserted.
<inserted text> 
                $
l.142 In the example this yields e'_
                                    {metal$\rightarrow$rock} = 0.6 ŌłÆ 0.07 ...
I've inserted a begin-math/end-math symbol since I think
you left one out. Proceed, with fingers crossed.

n:/Materialien/Promotion/GenreDiscourseAnalysis/reports/paper_v1/PowerToThePeople_v1.tex:142: Missing } inserted.
<inserted text> 
                }
l.142 In the example this yields e'_{metal$
                                           \rightarrow$rock} = 0.6 ŌłÆ 0.07 ...
I've inserted something that you may have forgotten.
(See the <inserted text> above.)
With luck, this will get me unwedged. But if you
really didn't forget anything, try typing `2' now; then
my insertion and my current dilemma will both disappear.

n:/Materialien/Promotion/GenreDiscourseAnalysis/reports/paper_v1/PowerToThePeople_v1.tex:142: Missing $ inserted.
<inserted text> 
                $
l.142 ...example this yields e'_{metal$\rightarrow
                                                  $rock} = 0.6 ŌłÆ 0.07 = 0....
I've inserted a begin-math/end-math symbol since I think
you left one out. Proceed, with fingers crossed.

n:/Materialien/Promotion/GenreDiscourseAnalysis/reports/paper_v1/PowerToThePeople_v1.tex:142: Too many }'s.
l.142 ...e this yields e'_{metal$\rightarrow$rock}
                                                   = 0.6 ŌłÆ 0.07 = 0.53 and...
You've closed more groups than you opened.
Such booboos are generally harmless, so keep going.


n:/Materialien/Promotion/GenreDiscourseAnalysis/reports/paper_v1/PowerToThePeople_v1.tex:142: LaTeX Error: Unicode character ŌłÆ (U+2212)
               not set up for use with LaTeX.

See the LaTeX manual or LaTeX Companion for explanation.
Type  H <return>  for immediate help.
 ...                                              
                                                  
l.142 ...lds e'_{metal$\rightarrow$rock} = 0.6 ŌłÆ
                                                   0.07 = 0.53 and e'_{rock$...
You may provide a definition with
\DeclareUnicodeCharacter 

n:/Materialien/Promotion/GenreDiscourseAnalysis/reports/paper_v1/PowerToThePeople_v1.tex:142: Missing $ inserted.
<inserted text> 
                $
l.142 ...arrow$rock} = 0.6 ŌłÆ 0.07 = 0.53 and e'_
                                                  {rock$\rightarrow$metal}= ...
I've inserted a begin-math/end-math symbol since I think
you left one out. Proceed, with fingers crossed.

n:/Materialien/Promotion/GenreDiscourseAnalysis/reports/paper_v1/PowerToThePeople_v1.tex:142: Missing } inserted.
<inserted text> 
                }
l.142 ...rock} = 0.6 ŌłÆ 0.07 = 0.53 and e'_{rock$
                                                  \rightarrow$metal}= 0, mak...
I've inserted something that you may have forgotten.
(See the <inserted text> above.)
With luck, this will get me unwedged. But if you
really didn't forget anything, try typing `2' now; then
my insertion and my current dilemma will both disappear.

n:/Materialien/Promotion/GenreDiscourseAnalysis/reports/paper_v1/PowerToThePeople_v1.tex:142: Missing $ inserted.
<inserted text> 
                $
l.142 ... ŌłÆ 0.07 = 0.53 and e'_{rock$\rightarrow
                                                  $metal}= 0, making ŌĆ£meta...
I've inserted a begin-math/end-math symbol since I think
you left one out. Proceed, with fingers crossed.

n:/Materialien/Promotion/GenreDiscourseAnalysis/reports/paper_v1/PowerToThePeople_v1.tex:142: Too many }'s.
l.142 ...07 = 0.53 and e'_{rock$\rightarrow$metal}
                                                  = 0, making ŌĆ£metal$\righ...
You've closed more groups than you opened.
Such booboos are generally harmless, so keep going.


Overfull \hbox (150.74916pt too wide) in paragraph at lines 158--165
 [][] 
 []


Underfull \hbox (badness 4441) in paragraph at lines 165--165
[] []|\T1/bch/m/n/10 De-tails on the hi-er-ar-chi-cal struc-ture of
 []

[4]
n:/Materialien/Promotion/GenreDiscourseAnalysis/reports/paper_v1/PowerToThePeople_v1.tex:184: Misplaced alignment tab character &.
l.184 ..., ŌĆ£classicalŌĆØ, ŌĆ£synth-popŌĆØ, ŌĆ£r&
                                                  bŌĆØ, ŌĆ£dance-popŌĆØ, and...
I can't figure out why you would want to use a tab mark
here. If you just want an ampersand, the remedy is
simple: Just type `I\&' now. But if some right brace
up above has ended a previous alignment prematurely,
you're probably due for more error messages, and you
might try typing `S' now just to see what is salvageable.

n:/Materialien/Promotion/GenreDiscourseAnalysis/reports/paper_v1/PowerToThePeople_v1.tex:188: Misplaced alignment tab character &.
l.188 ...y, Discogs genres ŌĆ£BluesŌĆØ, ŌĆ£Brass &
                                                   MilitaryŌĆØ, ŌĆ£ChildrenŌ...
I can't figure out why you would want to use a tab mark
here. If you just want an ampersand, the remedy is
simple: Just type `I\&' now. But if some right brace
up above has ended a previous alignment prematurely,
you're probably due for more error messages, and you
might try typing `S' now just to see what is salvageable.

n:/Materialien/Promotion/GenreDiscourseAnalysis/reports/paper_v1/PowerToThePeople_v1.tex:188: Misplaced alignment tab character &.
l.188 ...nŌĆÖsŌĆØ, ŌĆ£Non-MusicŌĆØ, and ŌĆ£Stage &
                                                   ScreenŌĆØ show no to litt...
I can't figure out why you would want to use a tab mark
here. If you just want an ampersand, the remedy is
simple: Just type `I\&' now. But if some right brace
up above has ended a previous alignment prematurely,
you're probably due for more error messages, and you
might try typing `S' now just to see what is salvageable.


Underfull \hbox (badness 2096) in paragraph at lines 188--189
[]\T1/bch/m/n/10 Discogs' genre tax-on-omy com-prises 15 gen-res
 []


Underfull \vbox (badness 10000) has occurred while \output is active []

 [5]
n:/Materialien/Promotion/GenreDiscourseAnalysis/reports/paper_v1/PowerToThePeople_v1.tex:195: Misplaced alignment tab character &.
l.195 ...evel to mitigate artist effects (Flexer &
                                                   Schnitzer, 2009). We tune...
I can't figure out why you would want to use a tab mark
here. If you just want an ampersand, the remedy is
simple: Just type `I\&' now. But if some right brace
up above has ended a previous alignment prematurely,
you're probably due for more error messages, and you
might try typing `S' now just to see what is salvageable.


n:/Materialien/Promotion/GenreDiscourseAnalysis/reports/paper_v1/PowerToThePeople_v1.tex:195: LaTeX Error: Unicode character Ōēż (U+2264)
               not set up for use with LaTeX.

See the LaTeX manual or LaTeX Companion for explanation.
Type  H <return>  for immediate help.
 ...                                              
                                                  
l.195 ...nt from class frequencies (median for Ōēż
                                                  10 classes; 60th percentil...
You may provide a definition with
\DeclareUnicodeCharacter 

n:/Materialien/Promotion/GenreDiscourseAnalysis/reports/paper_v1/PowerToThePeople_v1.tex:195: Missing $ inserted.
<inserted text> 
                $
l.195 ...pled classes exceeding reference├Śtarget_
                                                  ratio using NearMiss (Zhan...
I've inserted a begin-math/end-math symbol since I think
you left one out. Proceed, with fingers crossed.

n:/Materialien/Promotion/GenreDiscourseAnalysis/reports/paper_v1/PowerToThePeople_v1.tex:195: Misplaced alignment tab character &.
l.195 ...nce├Śtarget_ratio using NearMiss (Zhang &
                                                   Mani, 2003) and upsampled...
I can't figure out why you would want to use a tab mark
here. If you just want an ampersand, the remedy is
simple: Just type `I\&' now. But if some right brace
up above has ended a previous alignment prematurely,
you're probably due for more error messages, and you
might try typing `S' now just to see what is salvageable.


LaTeX Warning: Command \textdiv invalid in math mode on input line 195.


LaTeX Warning: Command \textdiv invalid in math mode on input line 195.


LaTeX Warning: Command \textquotedblleft invalid in math mode on input line 195.


LaTeX Warning: Command \textquotedblright invalid in math mode on input line 195.

n:/Materialien/Promotion/GenreDiscourseAnalysis/reports/paper_v1/PowerToThePeople_v1.tex:196: Missing $ inserted.
<inserted text> 
                $
l.196 
      
I've inserted a begin-math/end-math symbol since I think
you left one out. Proceed, with fingers crossed.


Underfull \hbox (badness 1442) in paragraph at lines 195--196
\T1/bch/m/n/10 hold-out set), re-moval of zero-variance pre-dic-tors,
 []


Overfull \hbox (609.14383pt too wide) in paragraph at lines 195--196
\T1/bch/m/n/10 reference\TS1/bch/m/n/10 ų\T1/bch/m/n/10 target$[]\FML/futmi/m/it/10 atiousingNearMiss\T1/futs/m/n/10 (\FML/futmi/m/it/10 ZhangMani; \T1/futs/m/n/10 2003)\FML/futmi/m/it/10 andupsampledclassesbelowreference\T1/futs/m/n/10 ÷\FML/futmi/m/it/10 target[]atiousingADASYN\T1/futs/m/n/10 (\FML/futmi/m/it/10 Heetal:; \T1/futs/m/n/10 2008)\FML/futmi/m/it/10 :Thisapproachpreservedmoredatathanfixed \FMS/futm/m/n/10 ^^@
 []


Underfull \hbox (badness 10000) in paragraph at lines 195--196
\FML/futmi/m/it/10 ratiosamplingwhilemaintainingtunability \T1/futs/m/n/10 :
 []


Overfull \hbox (218.5737pt too wide) in paragraph at lines 195--196
\FML/futmi/m/it/10 target[]atio \FMS/futm/m/n/10 ü \T1/futs/m/n/10 1\FML/futmi/m/it/10 enforcedperfectbalance\T1/futs/m/n/10 ; \FML/futmi/m/it/10 highervaluesretainedoriginalimbalance:Thereference \FMS/futm/m/n/10 ^^@
 []


Overfull \hbox (189.30644pt too wide) in paragraph at lines 195--196
\FML/futmi/m/it/10 countheuristicadjustedtoproblemcomplexity; preventingexcessivedownsamplinginhigh \FMS/futm/m/n/10 ^^@
 []


Overfull \hbox (2640.15851pt too wide) in paragraph at lines 195--196
\FML/futmi/m/it/10 resolutionscenarios:WeusedaBayesianoptimizationapproach\T1/futs/m/n/10 (\FML/futmi/m/it/10 Snoeketal:; \T1/futs/m/n/10 2012)\FML/futmi/m/it/10 withalatinhypercubeinitialgrid\T1/futs/m/n/10 (\FML/futmi/m/it/10 Husslageetal:; \T1/futs/m/n/10 2010)\FML/futmi/m/it/10 with\T1/futs/m/n/10 20\FML/futmi/m/it/10 gridpoints\T1/futs/m/n/10 (\FML/futmi/m/it/10 forprototyping\T1/futs/m/n/10 10)\FML/futmi/m/it/10 :Weemployedamaximumof\T1/futs/m/n/10 50\FML/futmi/m/it/10 Bayessteps\T1/futs/m/n/10 (\FML/futmi/m/it/10 forprototyping\T1/futs/m/n/10 25)\FML/futmi/m/it/10 ; setanearlystoppingcriterionifnoimprovementsoccurafter\T1/futs/m/n/10 10\FML/futmi/m/it/10 iterations; andletthealgorithmexploremaximallyuncertainareasofthehyperparameterspace; iftherewerenoimprovementsafter\T1/futs/m/n/10 5\FML/futmi/m/it/10 iterations:Afterselectingthehyperparameterswiththeonestandarderrorrule\T1/futs/m/n/10 (\FML/futmi/m/it/10 Hastieetal:; \T1/futs/m/n/10 2009)\FML/futmi/m/it/10 ; wetrainedthefinalmodelsonthefulltrainingsetandevaluatedtheestimatedmodelsonthehold \FMS/futm/m/n/10 ^^@
 []


Underfull \vbox (badness 1755) has occurred while \output is active []


n:/Materialien/Promotion/GenreDiscourseAnalysis/reports/paper_v1/PowerToThePeople_v1.tex:205: Missing $ inserted.
<inserted text> 
                $
l.205 ...r the 5 genre solution yielded a mean F1_
                                                  macro of XX on the CV fold...
I've inserted a begin-math/end-math symbol since I think
you left one out. Proceed, with fingers crossed.

n:/Materialien/Promotion/GenreDiscourseAnalysis/reports/paper_v1/PowerToThePeople_v1.tex:206: Missing $ inserted.
<inserted text> 
                $
l.206 
      
I've inserted a begin-math/end-math symbol since I think
you left one out. Proceed, with fingers crossed.


Underfull \hbox (badness 10000) in paragraph at lines 205--206
[]\T1/bch/m/n/10 The fi-nal mod-els on the full data set
 []


Underfull \hbox (badness 10000) in paragraph at lines 205--206
\T1/bch/m/n/10 showed some un-der-fit-ting. For clas-si-fier
 []


Underfull \hbox (badness 10000) in paragraph at lines 205--206
\T1/bch/m/n/10 for the 5 genre so-lu-tion yielded a mean
 []


Overfull \hbox (36.08179pt too wide) in paragraph at lines 205--206
\T1/bch/m/n/10 F1$[]\FML/futmi/m/it/10 acroofXXontheCVfoldsandF\T1/futs/m/n/10 1[]\FML/futmi/m/it/10 acroofXXonthehold \FMS/futm/m/n/10 ^^@
 []


Overfull \hbox (264.68642pt too wide) in paragraph at lines 205--206
\FML/futmi/m/it/10 outset\T1/futs/m/n/10 ; \FML/futmi/m/it/10 F\T1/futs/m/n/10 1\FML/futmi/m/it/10 perclasshighlypositivelycorrelatedwithXXwiththeassignmentcertaintywithinthecommunity\T1/futs/m/n/10 (\FMS/futm/m/n/10 ü
 []


Overfull \hbox (655.89554pt too wide) in paragraph at lines 205--206
\FML/futmi/m/it/10 meanassignmentprobabilityfortheclassacrosstags\T1/futs/m/n/10 )\FML/futmi/m/it/10 :InthelightofthemeanassignmentprobabilityofXX; wecanconsidertheclassifierasverysatisfactory:\T1/futs/m/n/10 [\FML/futmi/m/it/10 Descriptionoftheconfusionmatrix\T1/futs/m/n/10 ]\FML/futmi/m/it/10 :$ 
 []

n:/Materialien/Promotion/GenreDiscourseAnalysis/reports/paper_v1/PowerToThePeople_v1.tex:207: Missing $ inserted.
<inserted text> 
                $
l.207 ...shows a little underfitting with mean F1_
                                                  macro of XX on CV folds an...
I've inserted a begin-math/end-math symbol since I think
you left one out. Proceed, with fingers crossed.

n:/Materialien/Promotion/GenreDiscourseAnalysis/reports/paper_v1/PowerToThePeople_v1.tex:209: Missing $ inserted.
<inserted text> 
                $
l.209 
      
I've inserted a begin-math/end-math symbol since I think
you left one out. Proceed, with fingers crossed.


Underfull \hbox (badness 10000) in paragraph at lines 207--209
[]\T1/bch/m/n/10 The clas-si-fier for the 12 genre so-lu-tion
 []


Underfull \hbox (badness 10000) in paragraph at lines 207--209
\T1/bch/m/n/10 also shows a lit-tle un-der-fit-ting with mean
 []


Overfull \hbox (36.79178pt too wide) in paragraph at lines 207--209
\T1/bch/m/n/10 F1$[]\FML/futmi/m/it/10 acroofXXonCVfoldsandF\T1/futs/m/n/10 1[]\FML/futmi/m/it/10 acroofXXontheholdout \FMS/futm/m/n/10 ^^@
 []


Overfull \hbox (1742.55193pt too wide) in paragraph at lines 207--209
\FML/futmi/m/it/10 set:Comparetotheclassifierforthelowdetailedsolutionclassificationperformancewasdegraded:However; alsotheassignmentcertainty\T1/futs/m/n/10 (\FML/futmi/m/it/10 XX\T1/futs/m/n/10 %)\FML/futmi/m/it/10 waslower:Here; againF\T1/futs/m/n/10 1\FML/futmi/m/it/10 perclassshowedhighcorrelationwithperclassvotingcertainty\T1/futs/m/n/10 (\FML/futmi/m/it/10 XX\T1/futs/m/n/10 )\FML/futmi/m/it/10 :\T1/futs/m/n/10 [\FML/futmi/m/it/10 Descriptionoftheconfusionmatrix\T1/futs/m/n/10 ]\FML/futmi/m/it/10 :Finally; theclassifierforthe\T1/futs/m/n/10 31\FML/futmi/m/it/10 genresolutionagainshowedadegradationinperformancewithmeanF\T1/futs/m/n/10 1[]\FML/futmi/m/it/10 acroofXXonCVfoldsandF\T1/futs/m/n/10 1[]\FML/futmi/m/it/10 acroofXonthehold \FMS/futm/m/n/10 ^^@
 []


Overfull \hbox (842.85532pt too wide) in paragraph at lines 207--209
\FML/futmi/m/it/10 outset; matchingadegradationinclassassignmentcertaintywithinthecommunity\T1/futs/m/n/10 (\FML/futmi/m/it/10 XX\T1/futs/m/n/10 %)\FML/futmi/m/it/10 :Correlationofperclassassignmentcertaintyandisalittlelowerthanitwasfortheothertwolevelsofdetail\T1/futs/m/n/10 (\FML/futmi/m/it/10 XX\T1/futs/m/n/10 )\FML/futmi/m/it/10 :\T1/futs/m/n/10 [\FML/futmi/m/it/10 Descriptionofconfusionmatrix\T1/futs/m/n/10 ]$ 
 []

[6]
Underfull \vbox (badness 2538) has occurred while \output is active []


n:/Materialien/Promotion/GenreDiscourseAnalysis/reports/paper_v1/PowerToThePeople_v1.tex:231: Misplaced alignment tab character &.
l.231 ... cannot exceed human consistency (Sturm &
                                                   Flexer, 2023). That said,...
I can't figure out why you would want to use a tab mark
here. If you just want an ampersand, the remedy is
simple: Just type `I\&' now. But if some right brace
up above has ended a previous alignment prematurely,
you're probably due for more error messages, and you
might try typing `S' now just to see what is salvageable.

n:/Materialien/Promotion/GenreDiscourseAnalysis/reports/paper_v1/PowerToThePeople_v1.tex:231: Misplaced alignment tab character &.
l.231 ...all performance.  In line with Genussov &
                                                   Cohen (2010) we also obse...
I can't figure out why you would want to use a tab mark
here. If you just want an ampersand, the remedy is
simple: Just type `I\&' now. But if some right brace
up above has ended a previous alignment prematurely,
you're probably due for more error messages, and you
might try typing `S' now just to see what is salvageable.

n:/Materialien/Promotion/GenreDiscourseAnalysis/reports/paper_v1/PowerToThePeople_v1.tex:231: Misplaced alignment tab character &.
l.231 ...rding the classification of music (Lena &
                                                   Peterson, 2008, Negus, 19...
I can't figure out why you would want to use a tab mark
here. If you just want an ampersand, the remedy is
simple: Just type `I\&' now. But if some right brace
up above has ended a previous alignment prematurely,
you're probably due for more error messages, and you
might try typing `S' now just to see what is salvageable.


Underfull \vbox (badness 2538) has occurred while \output is active []

 [7]

n:/Materialien/Promotion/GenreDiscourseAnalysis/reports/paper_v1/PowerToThePeople_v1.tex:234: LaTeX Error: Unicode character Ōēł (U+2248)
               not set up for use with LaTeX.

See the LaTeX manual or LaTeX Companion for explanation.
Type  H <return>  for immediate help.
 ...                                              
                                                  
l.234 ...se and voting behavior remain opaque (Ōēł
                                                  1 million anonymous editor...
You may provide a definition with
\DeclareUnicodeCharacter 


Underfull \vbox (badness 6016) has occurred while \output is active []

 (./PowerToThePeople_v1.bbl)

Package natbib Warning: There were undefined citations.

[8] (./PowerToThePeople_v1.aux)

LaTeX Warning: Label(s) may have changed. Rerun to get cross-references right.


Package rerunfilecheck Warning: File `PowerToThePeople_v1.out' has changed.
(rerunfilecheck)                Rerun to get outlines right
(rerunfilecheck)                or use package `bookmark'.

Package rerunfilecheck Info: Checksums for `PowerToThePeople_v1.out':
(rerunfilecheck)             Before: <no file>
(rerunfilecheck)             After:  B94A96768B6394A08E85664324354E0D;3888.
 ) 
Here is how much of TeX's memory you used:
 14389 strings out of 476091
 237443 string characters out of 5795540
 1891324 words of memory out of 5000000
 34474 multiletter control sequences out of 15000+600000
 681145 words of font info for 114 fonts, out of 8000000 for 9000
 1141 hyphenation exceptions out of 8191
 84i,17n,131p,2602b,607s stack positions out of 10000i,1000n,20000p,200000b,200000s
{c:/texlive/2022/texmf-dist/fonts/enc/dvips/base/8r.enc}{c:/texlive/2022/texmf-dist/fonts/enc/dvips/quattrocento/qcntr_rf6b27.enc}{c:/texlive/2022/texmf-dist/fonts/enc/dvips/quattrocento/qcntr_tldjzh.enc}<c:/texlive/2022/texmf-dist/fonts/type1/impallari/quattrocento/QuattroSans-Bold.pfb><c:/texlive/2022/texmf-dist/fonts/type1/impallari/quattrocento/QuattroSans-Italic.pfb><c:/texlive/2022/texmf-dist/fonts/type1/impallari/quattrocento/QuattroSans-Regular.pfb><c:/texlive/2022/texmf-dist/fonts/type1/bitstrea/charter/bchb8a.pfb><c:/texlive/2022/texmf-dist/fonts/type1/bitstrea/charter/bchr8a.pfb><c:/texlive/2022/texmf-dist/fonts/type1/bitstrea/charter/bchri8a.pfb><c:/texlive/2022/texmf-dist/fonts/type1/public/fourier/fourier-ms.pfb><c:/texlive/2022/texmf-dist/fonts/type1/adobe/utopia/putr8a.pfb><c:/texlive/2022/texmf-dist/fonts/type1/adobe/utopia/putri8a.pfb>
Output written on PowerToThePeople_v1.pdf (8 pages, 168223 bytes).
PDF statistics:
 119 PDF objects out of 1000 (max. 8388607)
 88 compressed objects within 1 object stream
 29 named destinations out of 1000 (max. 500000)
 6 words of extra memory for PDF output out of 10000 (max. 10000000)

